[2020-08-03 12:12:52,840] multiqc                                            [DEBUG  ]  No MultiQC config found: /opt/anaconda3/lib/python3.7/site-packages/multiqc_config.yaml
[2020-08-03 12:12:52,841] multiqc                                            [DEBUG  ]  No MultiQC config found: /Users/keithmitchell/.multiqc_config.yaml
[2020-08-03 12:12:52,842] multiqc                                            [DEBUG  ]  No MultiQC config found: multiqc_config.yaml
[2020-08-03 12:12:52,842] multiqc                                            [DEBUG  ]  Command used: /opt/anaconda3/bin/multiqc --outdir . -n multiqc raw_eval_data/rna/log_out/
[2020-08-03 12:12:53,947] multiqc                                            [DEBUG  ]  Latest MultiQC version is v1.9
[2020-08-03 12:12:53,948] multiqc                                            [INFO   ]  This is MultiQC v1.9
[2020-08-03 12:12:53,948] multiqc                                            [DEBUG  ]  Command     : /opt/anaconda3/bin/multiqc --outdir . -n multiqc raw_eval_data/rna/log_out/
[2020-08-03 12:12:53,948] multiqc                                            [DEBUG  ]  Working dir : /Users/keithmitchell/Desktop/Repositories/HTStream_eval
[2020-08-03 12:12:53,948] multiqc                                            [INFO   ]  Template    : default
[2020-08-03 12:12:53,948] multiqc                                            [DEBUG  ]  Running Python 3.7.6 (default, Jan  8 2020, 13:42:34)  [Clang 4.0.1 (tags/RELEASE_401/final)]
[2020-08-03 12:12:53,948] multiqc                                            [INFO   ]  Searching   : /Users/keithmitchell/Desktop/Repositories/HTStream_eval/raw_eval_data/rna/log_out
[2020-08-03 12:12:53,948] multiqc                                            [DEBUG  ]  Analysing modules: custom_content, conpair, peddy, somalier, methylQA, mosdepth, phantompeakqualtools, qualimap, preseq, quast, qorts, rna_seqc, rockhopper, rsem, rseqc, busco, goleft_indexcov, disambiguate, supernova, deeptools, sargasso, verifybamid, mirtrace, happy, mirtop, homer, macs2, theta2, snpeff, gatk, htseq, bcftools, featureCounts, fgbio, dragen, dedup, damageprofiler, biobambam2, mtnucratio, picard, prokka, samblaster, samtools, sexdeterrmine, bamtools, jellyfish, vcftools, longranger, stacks, varscan2, bbmap, bismark, biscuit, hicexplorer, hicup, hicpro, salmon, kallisto, slamdunk, star, hisat2, tophat, bowtie2, bowtie1, snpsplit, kat, leehom, adapterRemoval, clipandmerge, cutadapt, flexbar, kaiju, kraken, malt, trimmomatic, sickle, skewer, sortmerna, biobloomtools, fastq_screen, afterqc, fastp, fastqc, pycoqc, minionqc, multivcfanalyzer, clusterflow, bcl2fastq, interop, ivar, flash, seqyclean
[2020-08-03 12:12:53,949] multiqc                                            [DEBUG  ]  Using temporary directory for creating report: /var/folders/35/n39dky153f34fw3z2l_4_vjr0000gn/T/tmpm67exm97
[2020-08-03 12:12:54,447] multiqc.plots.bargraph                             [DEBUG  ]  Using matplotlib version 3.2.2
[2020-08-03 12:12:54,448] multiqc.plots.linegraph                            [DEBUG  ]  Using matplotlib version 3.2.2
[2020-08-03 12:12:54,449] multiqc                                            [DEBUG  ]  No samples found: custom_content
[2020-08-03 12:12:54,454] multiqc                                            [DEBUG  ]  No samples found: conpair
[2020-08-03 12:12:54,457] multiqc                                            [DEBUG  ]  No samples found: peddy
[2020-08-03 12:12:54,470] multiqc                                            [DEBUG  ]  No samples found: somalier
[2020-08-03 12:12:54,476] multiqc                                            [DEBUG  ]  No samples found: methylQA
[2020-08-03 12:12:54,488] multiqc                                            [DEBUG  ]  No samples found: mosdepth
[2020-08-03 12:12:54,493] multiqc                                            [DEBUG  ]  No samples found: phantompeakqualtools
[2020-08-03 12:12:54,496] multiqc                                            [DEBUG  ]  No samples found: qualimap
[2020-08-03 12:12:54,500] multiqc                                            [DEBUG  ]  No samples found: preseq
[2020-08-03 12:12:54,504] multiqc                                            [DEBUG  ]  No samples found: quast
[2020-08-03 12:12:54,508] multiqc                                            [DEBUG  ]  No samples found: qorts
[2020-08-03 12:12:54,511] multiqc                                            [DEBUG  ]  No samples found: rna_seqc
[2020-08-03 12:12:54,515] multiqc                                            [DEBUG  ]  No samples found: rockhopper
[2020-08-03 12:12:54,518] multiqc                                            [DEBUG  ]  No samples found: rsem
[2020-08-03 12:12:54,529] multiqc                                            [DEBUG  ]  No samples found: rseqc
[2020-08-03 12:12:54,534] multiqc                                            [DEBUG  ]  No samples found: busco
[2020-08-03 12:12:54,538] multiqc                                            [DEBUG  ]  No samples found: goleft_indexcov
[2020-08-03 12:12:54,543] multiqc                                            [DEBUG  ]  No samples found: disambiguate
[2020-08-03 12:12:54,547] multiqc                                            [DEBUG  ]  No samples found: supernova
[2020-08-03 12:12:54,557] multiqc                                            [DEBUG  ]  No samples found: deeptools
[2020-08-03 12:12:54,562] multiqc                                            [DEBUG  ]  No samples found: sargasso
[2020-08-03 12:12:54,567] multiqc                                            [DEBUG  ]  No samples found: verifybamid
[2020-08-03 12:12:54,571] multiqc                                            [DEBUG  ]  No samples found: mirtrace
[2020-08-03 12:12:54,575] multiqc                                            [DEBUG  ]  No samples found: happy
[2020-08-03 12:12:54,580] multiqc                                            [DEBUG  ]  No samples found: mirtop
[2020-08-03 12:12:54,586] multiqc                                            [DEBUG  ]  No samples found: homer
[2020-08-03 12:12:54,591] multiqc                                            [DEBUG  ]  No samples found: macs2
[2020-08-03 12:12:54,595] multiqc                                            [DEBUG  ]  No samples found: theta2
[2020-08-03 12:12:54,599] multiqc                                            [DEBUG  ]  No samples found: snpeff
[2020-08-03 12:12:54,607] multiqc                                            [DEBUG  ]  No samples found: gatk
[2020-08-03 12:12:54,613] multiqc                                            [DEBUG  ]  No samples found: htseq
[2020-08-03 12:12:54,619] multiqc                                            [DEBUG  ]  No samples found: bcftools
[2020-08-03 12:12:54,623] multiqc                                            [DEBUG  ]  No samples found: featureCounts
[2020-08-03 12:12:54,628] multiqc                                            [DEBUG  ]  No samples found: fgbio
[2020-08-03 12:12:54,637] multiqc                                            [DEBUG  ]  No samples found: dragen
[2020-08-03 12:12:54,641] multiqc                                            [DEBUG  ]  No samples found: dedup
[2020-08-03 12:12:54,645] multiqc                                            [DEBUG  ]  No samples found: damageprofiler
[2020-08-03 12:12:54,659] multiqc                                            [DEBUG  ]  No samples found: biobambam2
[2020-08-03 12:12:54,663] multiqc                                            [DEBUG  ]  No samples found: mtnucratio
[2020-08-03 12:12:54,665] multiqc                                            [DEBUG  ]  No samples found: picard
[2020-08-03 12:12:54,670] multiqc                                            [DEBUG  ]  No samples found: prokka
[2020-08-03 12:12:54,674] multiqc                                            [DEBUG  ]  No samples found: samblaster
[2020-08-03 12:12:54,682] multiqc                                            [DEBUG  ]  No samples found: samtools
[2020-08-03 12:12:54,687] multiqc                                            [DEBUG  ]  No samples found: sexdeterrmine
[2020-08-03 12:12:54,691] multiqc                                            [DEBUG  ]  No samples found: bamtools
[2020-08-03 12:12:54,695] multiqc                                            [DEBUG  ]  No samples found: jellyfish
[2020-08-03 12:12:54,702] multiqc                                            [DEBUG  ]  No samples found: vcftools
[2020-08-03 12:12:54,705] multiqc                                            [DEBUG  ]  No samples found: longranger
[2020-08-03 12:12:54,709] multiqc                                            [DEBUG  ]  No samples found: stacks
[2020-08-03 12:12:54,712] multiqc                                            [DEBUG  ]  No samples found: varscan2
[2020-08-03 12:12:54,722] multiqc                                            [DEBUG  ]  No samples found: bbmap
[2020-08-03 12:12:54,726] multiqc                                            [DEBUG  ]  No samples found: bismark
[2020-08-03 12:12:54,729] multiqc                                            [DEBUG  ]  No samples found: biscuit
[2020-08-03 12:12:54,733] multiqc                                            [DEBUG  ]  No samples found: hicexplorer
[2020-08-03 12:12:54,737] multiqc                                            [DEBUG  ]  No samples found: hicup
[2020-08-03 12:12:54,740] multiqc                                            [DEBUG  ]  No samples found: hicpro
[2020-08-03 12:12:54,744] multiqc                                            [DEBUG  ]  No samples found: salmon
[2020-08-03 12:12:54,748] multiqc                                            [DEBUG  ]  No samples found: kallisto
[2020-08-03 12:12:54,751] multiqc                                            [DEBUG  ]  No samples found: slamdunk
[2020-08-03 12:12:54,769] multiqc.modules.star.star                          [INFO   ]  Found 21 reports
[2020-08-03 12:12:54,775] multiqc                                            [DEBUG  ]  No samples found: hisat2
[2020-08-03 12:12:54,779] multiqc                                            [DEBUG  ]  No samples found: tophat
[2020-08-03 12:12:54,782] multiqc                                            [DEBUG  ]  No samples found: bowtie2
[2020-08-03 12:12:54,786] multiqc                                            [DEBUG  ]  No samples found: bowtie1
[2020-08-03 12:12:54,789] multiqc                                            [DEBUG  ]  No samples found: snpsplit
[2020-08-03 12:12:54,792] multiqc                                            [DEBUG  ]  No samples found: kat
[2020-08-03 12:12:54,795] multiqc                                            [DEBUG  ]  No samples found: leehom
[2020-08-03 12:12:54,799] multiqc                                            [DEBUG  ]  No samples found: adapterRemoval
[2020-08-03 12:12:54,802] multiqc                                            [DEBUG  ]  No samples found: clipandmerge
[2020-08-03 12:12:54,806] multiqc                                            [DEBUG  ]  No samples found: cutadapt
[2020-08-03 12:12:54,809] multiqc                                            [DEBUG  ]  No samples found: flexbar
[2020-08-03 12:12:54,813] multiqc                                            [DEBUG  ]  No samples found: kaiju
[2020-08-03 12:12:54,816] multiqc                                            [DEBUG  ]  No samples found: kraken
[2020-08-03 12:12:54,820] multiqc                                            [DEBUG  ]  No samples found: malt
[2020-08-03 12:12:54,823] multiqc                                            [DEBUG  ]  No samples found: trimmomatic
[2020-08-03 12:12:54,826] multiqc                                            [DEBUG  ]  No samples found: sickle
[2020-08-03 12:12:54,830] multiqc                                            [DEBUG  ]  No samples found: skewer
[2020-08-03 12:12:54,833] multiqc                                            [DEBUG  ]  No samples found: sortmerna
[2020-08-03 12:12:54,837] multiqc                                            [DEBUG  ]  No samples found: biobloomtools
[2020-08-03 12:12:54,840] multiqc                                            [DEBUG  ]  No samples found: fastq_screen
[2020-08-03 12:12:54,844] multiqc                                            [DEBUG  ]  No samples found: afterqc
[2020-08-03 12:12:54,847] multiqc                                            [DEBUG  ]  No samples found: fastp
[2020-08-03 12:12:54,852] multiqc                                            [DEBUG  ]  No samples found: fastqc
[2020-08-03 12:12:54,855] multiqc                                            [DEBUG  ]  No samples found: pycoqc
[2020-08-03 12:12:54,859] multiqc                                            [DEBUG  ]  No samples found: minionqc
[2020-08-03 12:12:54,863] multiqc                                            [DEBUG  ]  No samples found: multivcfanalyzer
[2020-08-03 12:12:54,866] multiqc                                            [DEBUG  ]  No samples found: clusterflow
[2020-08-03 12:12:54,870] multiqc                                            [DEBUG  ]  No samples found: bcl2fastq
[2020-08-03 12:12:54,873] multiqc                                            [DEBUG  ]  No samples found: interop
[2020-08-03 12:12:54,876] multiqc                                            [DEBUG  ]  No samples found: ivar
[2020-08-03 12:12:54,880] multiqc                                            [DEBUG  ]  No samples found: flash
[2020-08-03 12:12:54,882] multiqc                                            [DEBUG  ]  No samples found: seqyclean
[2020-08-03 12:12:54,892] multiqc                                            [INFO   ]  Compressing plot data
[2020-08-03 12:12:54,899] multiqc                                            [INFO   ]  Report      : multiqc.html
[2020-08-03 12:12:54,899] multiqc                                            [INFO   ]  Data        : multiqc_data
[2020-08-03 12:12:54,899] multiqc                                            [DEBUG  ]  Moving data file from '/var/folders/35/n39dky153f34fw3z2l_4_vjr0000gn/T/tmpm67exm97/multiqc_data' to './multiqc_data'
[2020-08-03 12:12:55,020] multiqc                                            [INFO   ]  MultiQC complete
